1698566790365	geckodriver	INFO	Listening on 127.0.0.1:38777
1698566790368	mozrunner::runner	INFO	Running command: MOZ_CRASHREPORTER="1" MOZ_CRASHREPORTER_NO_REPORT="1" MOZ_CRASHREPORTER_SHUTDOWN="1" MOZ_NO_REMOTE="1" "/usr ... te" "--remote-debugging-port" "41575" "--remote-allow-hosts" "localhost" "-no-remote" "-profile" "/tmp/rust_mozprofile9lcap0"
console.warn: services.settings: Ignoring preference override of remote settings server
console.warn: services.settings: Allow by setting MOZ_REMOTE_SETTINGS_DEVTOOLS=1 in the environment
ATTENTION: default value of option mesa_glthread overridden by environment.
1698566790794	Marionette	INFO	Marionette enabled
ATTENTION: default value of option mesa_glthread overridden by environment.
1698566790872	Marionette	INFO	Listening on port 33101
WebDriver BiDi listening on ws://127.0.0.1:41575
Read port: 33101
1698566791040	RemoteAgent	WARN	TLS certificate errors will be ignored for this session
console.error: ({})
DevTools listening on ws://127.0.0.1:41575/devtools/browser/32942e6b-5233-4860-8cf4-b73c892330c6
JavaScript warning: https://static.licdn.com/aero-v1/sc/h/ccb945bv4vtzvvcaid3d0halo, line 2: WEBGL_debug_renderer_info is deprecated in Firefox and will be removed. Please use RENDERER.
JavaScript warning: https://static.licdn.com/aero-v1/sc/h/ccb945bv4vtzvvcaid3d0halo, line 2: WEBGL_debug_renderer_info is deprecated in Firefox and will be removed. Please use RENDERER.
console.warn: LoginRecipes: "Falling back to a synchronous message for: https://www.linkedin.com."
console.warn: LoginRecipes: "Falling back to a synchronous message for: https://www.linkedin.com."
JavaScript error: , line 0: TypeError: NetworkError when attempting to fetch resource.
JavaScript warning: https://static.licdn.com/sc/h/53pvxhwnu4814i1e9beje3cqa, line 89: WEBGL_debug_renderer_info is deprecated in Firefox and will be removed. Please use RENDERER.
JavaScript warning: https://client-api.arkoselabs.com/cdn/fc/js/6af2c0d87b9879cbf3365be1a208293f84d37b1e/standard/funcaptcha_api.js?onload=loadChallenge, line 2: WEBGL_debug_renderer_info is deprecated in Firefox and will be removed. Please use RENDERER.
console.warn: services.settings: Ignoring preference override of remote settings server
console.warn: services.settings: Allow by setting MOZ_REMOTE_SETTINGS_DEVTOOLS=1 in the environment
console.error: (new TypeError("lazy.AsyncShutdown.profileBeforeChange is undefined", "resource://services-settings/Database.sys.mjs", 593))
JavaScript warning: https://static.licdn.com/aero-v1/sc/h/5q34qucb6u4t2xvqo6bi0m9gx, line 21572: unreachable code after return statement
JavaScript warning: https://static.licdn.com/aero-v1/sc/h/95najyvdcubuecdgai6hw4pn0, line 2650: unreachable code after return statement
1698566813941	Marionette	WARN	Ignoring event 'DOMContentLoaded' because document has an invalid readyState of 'complete'.
JavaScript warning: https://static.licdn.com/aero-v1/sc/h/bx1dyzl81eo74gmldbz3w7qdd, line 270: WEBGL_debug_renderer_info is deprecated in Firefox and will be removed. Please use RENDERER.
JavaScript warning: https://static.licdn.com/aero-v1/sc/h/bx1dyzl81eo74gmldbz3w7qdd, line 266: WEBGL_debug_renderer_info is deprecated in Firefox and will be removed. Please use RENDERER.
JavaScript error: https://static.licdn.com/aero-v1/sc/h/bx1dyzl81eo74gmldbz3w7qdd, line 2698: MDError: [web-messenger-data] Network Error - getMailboxUnreadCounts (104) - NetworkError when attempting to fetch resource.
JavaScript error: , line 0: uncaught exception: Object
JavaScript error: https://static.licdn.com/aero-v1/sc/h/bx1dyzl81eo74gmldbz3w7qdd, line 2702: MDError: [web-messenger-data] Network Error - findConversationsByTimestamp (104) - NetworkError when attempting to fetch resource.
JavaScript warning: https://static.licdn.com/aero-v1/sc/h/5q34qucb6u4t2xvqo6bi0m9gx, line 21572: unreachable code after return statement
JavaScript warning: https://static.licdn.com/aero-v1/sc/h/95najyvdcubuecdgai6hw4pn0, line 2650: unreachable code after return statement
JavaScript warning: https://static.licdn.com/aero-v1/sc/h/bx1dyzl81eo74gmldbz3w7qdd, line 270: WEBGL_debug_renderer_info is deprecated in Firefox and will be removed. Please use RENDERER.
JavaScript warning: https://static.licdn.com/aero-v1/sc/h/bx1dyzl81eo74gmldbz3w7qdd, line 266: WEBGL_debug_renderer_info is deprecated in Firefox and will be removed. Please use RENDERER.
JavaScript warning: https://static.licdn.com/aero-v1/sc/h/5q34qucb6u4t2xvqo6bi0m9gx, line 21572: unreachable code after return statement
JavaScript warning: https://static.licdn.com/aero-v1/sc/h/95najyvdcubuecdgai6hw4pn0, line 2650: unreachable code after return statement
1698566826778	Marionette	WARN	Ignoring event 'DOMContentLoaded' because document has an invalid readyState of 'complete'.
1698566826778	Marionette	WARN	Ignoring event 'DOMContentLoaded' because document has an invalid readyState of 'complete'.
JavaScript warning: https://static.licdn.com/aero-v1/sc/h/bx1dyzl81eo74gmldbz3w7qdd, line 270: WEBGL_debug_renderer_info is deprecated in Firefox and will be removed. Please use RENDERER.
JavaScript warning: https://static.licdn.com/aero-v1/sc/h/bx1dyzl81eo74gmldbz3w7qdd, line 266: WEBGL_debug_renderer_info is deprecated in Firefox and will be removed. Please use RENDERER.
JavaScript warning: https://static.licdn.com/aero-v1/sc/h/5q34qucb6u4t2xvqo6bi0m9gx, line 21572: unreachable code after return statement
JavaScript warning: https://static.licdn.com/aero-v1/sc/h/95najyvdcubuecdgai6hw4pn0, line 2650: unreachable code after return statement
JavaScript warning: https://static.licdn.com/aero-v1/sc/h/bx1dyzl81eo74gmldbz3w7qdd, line 270: WEBGL_debug_renderer_info is deprecated in Firefox and will be removed. Please use RENDERER.
JavaScript warning: https://static.licdn.com/aero-v1/sc/h/bx1dyzl81eo74gmldbz3w7qdd, line 266: WEBGL_debug_renderer_info is deprecated in Firefox and will be removed. Please use RENDERER.
1698566849075	Marionette	WARN	Ignoring event 'DOMContentLoaded' because document has an invalid readyState of 'complete'.
1698566849075	Marionette	WARN	Ignoring event 'DOMContentLoaded' because document has an invalid readyState of 'complete'.
JavaScript warning: https://static.licdn.com/aero-v1/sc/h/bx1dyzl81eo74gmldbz3w7qdd, line 270: WEBGL_debug_renderer_info is deprecated in Firefox and will be removed. Please use RENDERER.
JavaScript warning: https://static.licdn.com/aero-v1/sc/h/bx1dyzl81eo74gmldbz3w7qdd, line 266: WEBGL_debug_renderer_info is deprecated in Firefox and will be removed. Please use RENDERER.
1698566857758	Marionette	WARN	Ignoring event 'DOMContentLoaded' because document has an invalid readyState of 'complete'.
1698566857759	Marionette	WARN	Ignoring event 'DOMContentLoaded' because document has an invalid readyState of 'complete'.
JavaScript warning: https://static.licdn.com/aero-v1/sc/h/bx1dyzl81eo74gmldbz3w7qdd, line 270: WEBGL_debug_renderer_info is deprecated in Firefox and will be removed. Please use RENDERER.
JavaScript warning: https://static.licdn.com/aero-v1/sc/h/bx1dyzl81eo74gmldbz3w7qdd, line 266: WEBGL_debug_renderer_info is deprecated in Firefox and will be removed. Please use RENDERER.
1698566866443	Marionette	WARN	Ignoring event 'DOMContentLoaded' because document has an invalid readyState of 'complete'.
1698566866444	Marionette	WARN	Ignoring event 'DOMContentLoaded' because document has an invalid readyState of 'complete'.
1698566872961	Marionette	INFO	Stopped listening on port 33101
JavaScript warning: https://static.licdn.com/aero-v1/sc/h/bx1dyzl81eo74gmldbz3w7qdd, line 835: Script terminated by timeout at:
14446/Pt/</r.onsuccess/c.oncomplete@https://static.licdn.com/aero-v1/sc/h/bx1dyzl81eo74gmldbz3w7qdd:835:234

1698566875363	geckodriver	INFO	Listening on 127.0.0.1:43609
1698566875366	mozrunner::runner	INFO	Running command: MOZ_CRASHREPORTER="1" MOZ_CRASHREPORTER_NO_REPORT="1" MOZ_CRASHREPORTER_SHUTDOWN="1" MOZ_NO_REMOTE="1" "/usr ... te" "--remote-debugging-port" "36561" "--remote-allow-hosts" "localhost" "-no-remote" "-profile" "/tmp/rust_mozprofileYIiIWH"
console.warn: services.settings: Ignoring preference override of remote settings server
console.warn: services.settings: Allow by setting MOZ_REMOTE_SETTINGS_DEVTOOLS=1 in the environment
ATTENTION: default value of option mesa_glthread overridden by environment.
1698566875811	Marionette	INFO	Marionette enabled
ATTENTION: default value of option mesa_glthread overridden by environment.
1698566875898	Marionette	INFO	Listening on port 36745
WebDriver BiDi listening on ws://127.0.0.1:36561
Read port: 36745
1698566876084	RemoteAgent	WARN	TLS certificate errors will be ignored for this session
console.error: ({})
DevTools listening on ws://127.0.0.1:36561/devtools/browser/f880cc58-f58e-4a22-9002-cdf9c55cc612
1698566890426	Marionette	INFO	Stopped listening on port 36745
JavaScript error: https://abs.twimg.com/responsive-web/client-web-legacy/vendor.bc4db04a.js, line 74: TypeError: can't access dead object
1698566891458	geckodriver	INFO	Listening on 127.0.0.1:38009
1698566891461	mozrunner::runner	INFO	Running command: MOZ_CRASHREPORTER="1" MOZ_CRASHREPORTER_NO_REPORT="1" MOZ_CRASHREPORTER_SHUTDOWN="1" MOZ_NO_REMOTE="1" "/usr ... te" "--remote-debugging-port" "48863" "--remote-allow-hosts" "localhost" "-no-remote" "-profile" "/tmp/rust_mozprofileEaPVMa"
console.warn: services.settings: Ignoring preference override of remote settings server
console.warn: services.settings: Allow by setting MOZ_REMOTE_SETTINGS_DEVTOOLS=1 in the environment
ATTENTION: default value of option mesa_glthread overridden by environment.
1698566891939	Marionette	INFO	Marionette enabled
ATTENTION: default value of option mesa_glthread overridden by environment.
1698566892083	Marionette	INFO	Listening on port 32845
WebDriver BiDi listening on ws://127.0.0.1:48863
Read port: 32845
1698566892272	RemoteAgent	WARN	TLS certificate errors will be ignored for this session
console.error: ({})
DevTools listening on ws://127.0.0.1:48863/devtools/browser/6fa3ab88-6e2c-4236-bc1a-d04c0b5caeff
JavaScript warning: https://static.xx.fbcdn.net/rsrc.php/v3i_Ou4/yj/l/en_GB/ylIW20mx71j.js?_nc_x=Ij3Wp8lg5Kz, line 26: WEBGL_debug_renderer_info is deprecated in Firefox and will be removed. Please use RENDERER.
console.warn: LoginRecipes: "Falling back to a synchronous message for: https://www.facebook.com."
console.warn: LoginRecipes: "Falling back to a synchronous message for: https://www.facebook.com."
JavaScript warning: https://static.xx.fbcdn.net/rsrc.php/v3iYXp4/y5/l/makehaste_jhash/e72jWMJpP3m.js?_nc_x=kkkI206aNUf, line 175: WEBGL_debug_renderer_info is deprecated in Firefox and will be removed. Please use RENDERER.
1698566922359	Marionette	INFO	Stopped listening on port 32845
JavaScript warning: https://static.xx.fbcdn.net/rsrc.php/v3iXTF4/yo/l/makehaste_jhash/Smx2BDvbZksE2qvtt-7y3Eh7K9dYTJWe5BOPPhta1HBtGup2oucvAck0nh9MEmlh1DXN32uPgwtugH6R8Q7BJ7vj993xnHie22vphUdOgy2yKwvOMPpK9ZcqPTkfB78Imwt1N5izqdcdda6QqBaHbP-7zI0ByVmIywerdF4Kk8KDDp9o.js?_nc_x=kkkI206aNUf, line 108: Script terminated by timeout at:
d@https://static.xx.fbcdn.net/rsrc.php/v3iXTF4/yo/l/makehaste_jhash/Smx2BDvbZksE2qvtt-7y3Eh7K9dYTJWe5BOPPhta1HBtGup2oucvAck0nh9MEmlh1DXN32uPgwtugH6R8Q7BJ7vj993xnHie22vphUdOgy2yKwvOMPpK9ZcqPTkfB78Imwt1N5izqdcdda6QqBaHbP-7zI0ByVmIywerdF4Kk8KDDp9o.js?_nc_x=kkkI206aNUf:108:6375

console.warn: services.settings: main/search-default-override-allowlist sync interrupted by shutdown
console.warn: services.settings: main/hijack-blocklists sync interrupted by shutdown
console.warn: services.settings: main/pioneer-study-addons-v1 sync interrupted by shutdown
console.error: (new AbortError("IndexedDB: main/search-telemetry getLastModified() IndexedDB:  execute() A request was aborted, for example through a call to IDBTransaction.abort.", "resource://services-settings/IDBHelpers.sys.mjs", 16))
1698568703226	geckodriver	INFO	Listening on 127.0.0.1:54373
1698568703229	mozrunner::runner	INFO	Running command: MOZ_CRASHREPORTER="1" MOZ_CRASHREPORTER_NO_REPORT="1" MOZ_CRASHREPORTER_SHUTDOWN="1" MOZ_NO_REMOTE="1" "/usr ... te" "--remote-debugging-port" "58379" "--remote-allow-hosts" "localhost" "-no-remote" "-profile" "/tmp/rust_mozprofile91cdOx"
console.warn: services.settings: Ignoring preference override of remote settings server
console.warn: services.settings: Allow by setting MOZ_REMOTE_SETTINGS_DEVTOOLS=1 in the environment
ATTENTION: default value of option mesa_glthread overridden by environment.
1698568703742	Marionette	INFO	Marionette enabled
ATTENTION: default value of option mesa_glthread overridden by environment.
1698568703860	Marionette	INFO	Listening on port 44119
WebDriver BiDi listening on ws://127.0.0.1:58379
Read port: 44119
1698568704059	RemoteAgent	WARN	TLS certificate errors will be ignored for this session
console.error: ({})
DevTools listening on ws://127.0.0.1:58379/devtools/browser/58412ea7-6528-4293-aa59-79b04f5a54cd
JavaScript warning: https://static.licdn.com/aero-v1/sc/h/ccb945bv4vtzvvcaid3d0halo, line 2: WEBGL_debug_renderer_info is deprecated in Firefox and will be removed. Please use RENDERER.
JavaScript warning: https://static.licdn.com/aero-v1/sc/h/ccb945bv4vtzvvcaid3d0halo, line 2: WEBGL_debug_renderer_info is deprecated in Firefox and will be removed. Please use RENDERER.
console.warn: LoginRecipes: "Falling back to a synchronous message for: https://www.linkedin.com."
console.warn: LoginRecipes: "Falling back to a synchronous message for: https://www.linkedin.com."
JavaScript error: https://static.licdn.com/aero-v1/sc/h/bf2zti0m4hz70upnw90rlmjfm, line 1: Error: Could not lazy load JS with src https://static.licdn.com/aero-v1/sc/h/8m736dfzskmdn6bwwqz67iiki
JavaScript error: , line 0: TypeError: NetworkError when attempting to fetch resource.
JavaScript error: , line 0: TypeError: NetworkError when attempting to fetch resource.
JavaScript error: , line 0: TypeError: NetworkError when attempting to fetch resource.
JavaScript error: https://static.licdn.com/aero-v1/sc/h/bf2zti0m4hz70upnw90rlmjfm, line 1: Error: Could not lazy load JS with src https://static.licdn.com/aero-v1/sc/h/51t74mlo1ty7vakn3a80a9jcp
JavaScript error: , line 0: TypeError: NetworkError when attempting to fetch resource.
JavaScript error: , line 0: TypeError: NetworkError when attempting to fetch resource.
JavaScript error: , line 0: TypeError: NetworkError when attempting to fetch resource.
JavaScript error: , line 0: TypeError: NetworkError when attempting to fetch resource.
JavaScript warning: https://static.licdn.com/sc/h/53pvxhwnu4814i1e9beje3cqa, line 89: WEBGL_debug_renderer_info is deprecated in Firefox and will be removed. Please use RENDERER.
JavaScript warning: https://client-api.arkoselabs.com/cdn/fc/js/6af2c0d87b9879cbf3365be1a208293f84d37b1e/standard/funcaptcha_api.js?onload=loadChallenge, line 2: WEBGL_debug_renderer_info is deprecated in Firefox and will be removed. Please use RENDERER.
console.warn: services.settings: Ignoring preference override of remote settings server
console.warn: services.settings: Allow by setting MOZ_REMOTE_SETTINGS_DEVTOOLS=1 in the environment
console.error: (new TypeError("lazy.AsyncShutdown.profileBeforeChange is undefined", "resource://services-settings/Database.sys.mjs", 593))
JavaScript warning: https://static.licdn.com/aero-v1/sc/h/5q34qucb6u4t2xvqo6bi0m9gx, line 21572: unreachable code after return statement
JavaScript warning: https://static.licdn.com/aero-v1/sc/h/95najyvdcubuecdgai6hw4pn0, line 2650: unreachable code after return statement
1698568722505	Marionette	WARN	Ignoring event 'DOMContentLoaded' because document has an invalid readyState of 'complete'.
JavaScript error: , line 0: TypeError: NetworkError when attempting to fetch resource.
JavaScript error: , line 0: TypeError: NetworkError when attempting to fetch resource.
JavaScript error: resource://gre/actors/PictureInPictureChild.sys.mjs, line 348: TypeError: can't access dead object
JavaScript warning: https://static.licdn.com/aero-v1/sc/h/5q34qucb6u4t2xvqo6bi0m9gx, line 21572: unreachable code after return statement
JavaScript warning: https://static.licdn.com/aero-v1/sc/h/95najyvdcubuecdgai6hw4pn0, line 2650: unreachable code after return statement
JavaScript warning: https://static.licdn.com/aero-v1/sc/h/bx1dyzl81eo74gmldbz3w7qdd, line 270: WEBGL_debug_renderer_info is deprecated in Firefox and will be removed. Please use RENDERER.
JavaScript warning: https://static.licdn.com/aero-v1/sc/h/bx1dyzl81eo74gmldbz3w7qdd, line 266: WEBGL_debug_renderer_info is deprecated in Firefox and will be removed. Please use RENDERER.
JavaScript warning: https://static.licdn.com/aero-v1/sc/h/5q34qucb6u4t2xvqo6bi0m9gx, line 21572: unreachable code after return statement
JavaScript warning: https://static.licdn.com/aero-v1/sc/h/95najyvdcubuecdgai6hw4pn0, line 2650: unreachable code after return statement
1698568737310	Marionette	WARN	Ignoring event 'DOMContentLoaded' because document has an invalid readyState of 'complete'.
1698568737310	Marionette	WARN	Ignoring event 'DOMContentLoaded' because document has an invalid readyState of 'complete'.
JavaScript warning: https://static.licdn.com/aero-v1/sc/h/bx1dyzl81eo74gmldbz3w7qdd, line 270: WEBGL_debug_renderer_info is deprecated in Firefox and will be removed. Please use RENDERER.
JavaScript warning: https://static.licdn.com/aero-v1/sc/h/bx1dyzl81eo74gmldbz3w7qdd, line 266: WEBGL_debug_renderer_info is deprecated in Firefox and will be removed. Please use RENDERER.
