1698562672344	geckodriver	INFO	Listening on 127.0.0.1:51427
1698562672347	mozrunner::runner	INFO	Running command: MOZ_CRASHREPORTER="1" MOZ_CRASHREPORTER_NO_REPORT="1" MOZ_CRASHREPORTER_SHUTDOWN="1" MOZ_NO_REMOTE="1" "/usr ... te" "--remote-debugging-port" "53225" "--remote-allow-hosts" "localhost" "-no-remote" "-profile" "/tmp/rust_mozprofileZD4jiM"
console.warn: services.settings: Ignoring preference override of remote settings server
console.warn: services.settings: Allow by setting MOZ_REMOTE_SETTINGS_DEVTOOLS=1 in the environment
ATTENTION: default value of option mesa_glthread overridden by environment.
1698562672794	Marionette	INFO	Marionette enabled
ATTENTION: default value of option mesa_glthread overridden by environment.
1698562672883	Marionette	INFO	Listening on port 43731
WebDriver BiDi listening on ws://127.0.0.1:53225
Read port: 43731
1698562673071	RemoteAgent	WARN	TLS certificate errors will be ignored for this session
console.error: ({})
DevTools listening on ws://127.0.0.1:53225/devtools/browser/8d6ae9bb-7d85-4424-9486-705257d6fa51
JavaScript warning: https://static.licdn.com/aero-v1/sc/h/ccb945bv4vtzvvcaid3d0halo, line 2: WEBGL_debug_renderer_info is deprecated in Firefox and will be removed. Please use RENDERER.
JavaScript warning: https://static.licdn.com/aero-v1/sc/h/ccb945bv4vtzvvcaid3d0halo, line 2: WEBGL_debug_renderer_info is deprecated in Firefox and will be removed. Please use RENDERER.
console.warn: LoginRecipes: "Falling back to a synchronous message for: https://www.linkedin.com."
console.warn: LoginRecipes: "Falling back to a synchronous message for: https://www.linkedin.com."
JavaScript error: , line 0: TypeError: NetworkError when attempting to fetch resource.
JavaScript warning: https://static.licdn.com/sc/h/53pvxhwnu4814i1e9beje3cqa, line 89: WEBGL_debug_renderer_info is deprecated in Firefox and will be removed. Please use RENDERER.
JavaScript warning: https://client-api.arkoselabs.com/cdn/fc/js/6af2c0d87b9879cbf3365be1a208293f84d37b1e/standard/funcaptcha_api.js?onload=loadChallenge, line 2: WEBGL_debug_renderer_info is deprecated in Firefox and will be removed. Please use RENDERER.
console.warn: services.settings: Ignoring preference override of remote settings server
console.warn: services.settings: Allow by setting MOZ_REMOTE_SETTINGS_DEVTOOLS=1 in the environment
console.error: (new TypeError("lazy.AsyncShutdown.profileBeforeChange is undefined", "resource://services-settings/Database.sys.mjs", 593))
JavaScript warning: https://static.licdn.com/aero-v1/sc/h/5q34qucb6u4t2xvqo6bi0m9gx, line 21572: unreachable code after return statement
JavaScript warning: https://static.licdn.com/aero-v1/sc/h/95najyvdcubuecdgai6hw4pn0, line 2650: unreachable code after return statement
JavaScript warning: https://static.licdn.com/aero-v1/sc/h/bx1dyzl81eo74gmldbz3w7qdd, line 270: WEBGL_debug_renderer_info is deprecated in Firefox and will be removed. Please use RENDERER.
JavaScript warning: https://static.licdn.com/aero-v1/sc/h/bx1dyzl81eo74gmldbz3w7qdd, line 266: WEBGL_debug_renderer_info is deprecated in Firefox and will be removed. Please use RENDERER.
libva info: VA-API version 1.14.0
libva info: Trying to open /usr/lib/x86_64-linux-gnu/dri/iHD_drv_video.so
libva info: Found init function __vaDriverInit_1_14
libva info: va_openDriver() returns 0
ATTENTION: default value of option mesa_glthread overridden by environment.
JavaScript warning: https://static.licdn.com/aero-v1/sc/h/bx1dyzl81eo74gmldbz3w7qdd, line 802: Script terminated by timeout at:
emit@https://static.licdn.com/aero-v1/sc/h/bx1dyzl81eo74gmldbz3w7qdd:802:263
rt@https://static.licdn.com/aero-v1/sc/h/bx1dyzl81eo74gmldbz3w7qdd:803:142

1698563011387	Marionette	INFO	Stopped listening on port 43731
1698563665532	geckodriver	INFO	Listening on 127.0.0.1:34785
1698563665535	mozrunner::runner	INFO	Running command: MOZ_CRASHREPORTER="1" MOZ_CRASHREPORTER_NO_REPORT="1" MOZ_CRASHREPORTER_SHUTDOWN="1" MOZ_NO_REMOTE="1" "/usr ... te" "--remote-debugging-port" "39539" "--remote-allow-hosts" "localhost" "-no-remote" "-profile" "/tmp/rust_mozprofilebYpvMF"
console.warn: services.settings: Ignoring preference override of remote settings server
console.warn: services.settings: Allow by setting MOZ_REMOTE_SETTINGS_DEVTOOLS=1 in the environment
ATTENTION: default value of option mesa_glthread overridden by environment.
1698563665948	Marionette	INFO	Marionette enabled
ATTENTION: default value of option mesa_glthread overridden by environment.
1698563666044	Marionette	INFO	Listening on port 38875
WebDriver BiDi listening on ws://127.0.0.1:39539
Read port: 38875
1698563666222	RemoteAgent	WARN	TLS certificate errors will be ignored for this session
console.error: ({})
DevTools listening on ws://127.0.0.1:39539/devtools/browser/31f63ae0-4a40-416b-900a-42079ff8e866
JavaScript warning: https://static.licdn.com/aero-v1/sc/h/ccb945bv4vtzvvcaid3d0halo, line 2: WEBGL_debug_renderer_info is deprecated in Firefox and will be removed. Please use RENDERER.
JavaScript warning: https://static.licdn.com/aero-v1/sc/h/ccb945bv4vtzvvcaid3d0halo, line 2: WEBGL_debug_renderer_info is deprecated in Firefox and will be removed. Please use RENDERER.
console.warn: LoginRecipes: "Falling back to a synchronous message for: https://www.linkedin.com."
console.warn: LoginRecipes: "Falling back to a synchronous message for: https://www.linkedin.com."
JavaScript error: , line 0: TypeError: NetworkError when attempting to fetch resource.
JavaScript error: , line 0: TypeError: NetworkError when attempting to fetch resource.
JavaScript error: , line 0: TypeError: NetworkError when attempting to fetch resource.
JavaScript error: , line 0: TypeError: NetworkError when attempting to fetch resource.
JavaScript error: , line 0: TypeError: NetworkError when attempting to fetch resource.
JavaScript error: , line 0: TypeError: NetworkError when attempting to fetch resource.
JavaScript error: , line 0: TypeError: NetworkError when attempting to fetch resource.
JavaScript error: , line 0: TypeError: NetworkError when attempting to fetch resource.
1698563669849	Marionette	INFO	Stopped listening on port 38875
